<?xml version="1.0" encoding="UTF-8"?>
<!-- Generated by org.testng.reporters.JUnitReportReporter -->
<testsuite skipped="0" hostname="USER-20180223JL" name="test.TestNGDemo" tests="1" failures="0" timestamp="16 六月 2018 08:36:55 GMT" time="0.001" errors="0">
  <testcase name="test1" time="0.001" classname="test.TestNGDemo"/>
</testsuite> <!-- test.TestNGDemo -->
