<?xml version="1.0" encoding="UTF-8"?>
<!-- Generated by org.testng.reporters.JUnitReportReporter -->
<testsuite skipped="0" hostname="USER-20180223JL" name="test.TestParaDemo" tests="3" failures="0" timestamp="16 六月 2018 08:36:55 GMT" time="0.001" errors="0">
  <testcase name="test" time="0.000" classname="test.TestParaDemo"/>
  <testcase name="test" time="0.001" classname="test.TestParaDemo"/>
  <testcase name="test" time="0.000" classname="test.TestParaDemo"/>
</testsuite> <!-- test.TestParaDemo -->
